[35m[1mScanning dependencies of target _svea_msgs_generate_messages_check_deps_VehicleState[0m
[35m[1mScanning dependencies of target std_msgs_generate_messages_nodejs[0m
[35m[1mScanning dependencies of target _svea_msgs_generate_messages_check_deps_lli_emergency[0m
[35m[1mScanning dependencies of target _svea_msgs_generate_messages_check_deps_lli_encoder[0m
[35m[1mScanning dependencies of target std_msgs_generate_messages_lisp[0m
[35m[1mScanning dependencies of target geometry_msgs_generate_messages_nodejs[0m
[35m[1mScanning dependencies of target _svea_msgs_generate_messages_check_deps_lli_ctrl[0m
[35m[1mScanning dependencies of target nav_msgs_generate_messages_nodejs[0m
[  0%] Built target geometry_msgs_generate_messages_nodejs
[  0%] Built target std_msgs_generate_messages_nodejs
[  0%] Built target std_msgs_generate_messages_lisp
[  0%] Built target nav_msgs_generate_messages_nodejs
[35m[1mScanning dependencies of target nav_msgs_generate_messages_lisp[0m
[35m[1mScanning dependencies of target geometry_msgs_generate_messages_lisp[0m
[35m[1mScanning dependencies of target std_msgs_generate_messages_eus[0m
[35m[1mScanning dependencies of target geometry_msgs_generate_messages_eus[0m
[  0%] Built target geometry_msgs_generate_messages_lisp
[  0%] Built target geometry_msgs_generate_messages_eus
[  0%] Built target nav_msgs_generate_messages_lisp
[  0%] Built target std_msgs_generate_messages_eus
[35m[1mScanning dependencies of target nav_msgs_generate_messages_cpp[0m
[35m[1mScanning dependencies of target geometry_msgs_generate_messages_cpp[0m
[35m[1mScanning dependencies of target std_msgs_generate_messages_cpp[0m
[35m[1mScanning dependencies of target nav_msgs_generate_messages_eus[0m
[  0%] Built target _svea_msgs_generate_messages_check_deps_lli_emergency
[  0%] Built target _svea_msgs_generate_messages_check_deps_lli_encoder
[  0%] Built target _svea_msgs_generate_messages_check_deps_VehicleState
[  0%] Built target _svea_msgs_generate_messages_check_deps_lli_ctrl
[  0%] Built target nav_msgs_generate_messages_eus
[  0%] Built target std_msgs_generate_messages_cpp
[  0%] Built target nav_msgs_generate_messages_cpp
[  0%] Built target geometry_msgs_generate_messages_cpp
[35m[1mScanning dependencies of target std_msgs_generate_messages_py[0m
[35m[1mScanning dependencies of target geometry_msgs_generate_messages_py[0m
[35m[1mScanning dependencies of target svea_msgs_generate_messages_nodejs[0m
[35m[1mScanning dependencies of target nav_msgs_generate_messages_py[0m
[35m[1mScanning dependencies of target svea_msgs_generate_messages_lisp[0m
[35m[1mScanning dependencies of target svea_msgs_generate_messages_eus[0m
[  0%] Built target std_msgs_generate_messages_py
[  0%] Built target nav_msgs_generate_messages_py
[  0%] Built target geometry_msgs_generate_messages_py
[  4%] [34m[1mGenerating Javascript code from svea_msgs/lli_encoder.msg[0m
[35m[1mScanning dependencies of target svea_msgs_generate_messages_cpp[0m
[  9%] [34m[1mGenerating Javascript code from svea_msgs/lli_ctrl.msg[0m
[ 13%] [34m[1mGenerating Javascript code from svea_msgs/lli_emergency.msg[0m
[ 18%] [34m[1mGenerating Javascript code from svea_msgs/VehicleState.msg[0m
[ 22%] [34m[1mGenerating EusLisp code from svea_msgs/lli_ctrl.msg[0m
[ 27%] [34m[1mGenerating Lisp code from svea_msgs/lli_ctrl.msg[0m
[35m[1mScanning dependencies of target svea_msgs_generate_messages_py[0m
[ 31%] [34m[1mGenerating C++ code from svea_msgs/lli_ctrl.msg[0m
[ 36%] [34m[1mGenerating Python from MSG svea_msgs/lli_ctrl[0m
[ 50%] [34m[1mGenerating EusLisp code from svea_msgs/lli_encoder.msg[0m
[ 50%] [34m[1mGenerating Lisp code from svea_msgs/lli_encoder.msg[0m
[ 50%] [34m[1mGenerating EusLisp code from svea_msgs/lli_emergency.msg[0m
[ 54%] [34m[1mGenerating C++ code from svea_msgs/lli_encoder.msg[0m
[ 54%] Built target svea_msgs_generate_messages_nodejs
[ 59%] [34m[1mGenerating C++ code from svea_msgs/lli_emergency.msg[0m
[ 63%] [34m[1mGenerating EusLisp code from svea_msgs/VehicleState.msg[0m
[ 68%] [34m[1mGenerating Lisp code from svea_msgs/lli_emergency.msg[0m
[ 72%] [34m[1mGenerating EusLisp manifest code for svea_msgs[0m
[ 77%] [34m[1mGenerating Lisp code from svea_msgs/VehicleState.msg[0m
[ 81%] [34m[1mGenerating Python from MSG svea_msgs/lli_encoder[0m
[ 86%] [34m[1mGenerating C++ code from svea_msgs/VehicleState.msg[0m
[ 90%] [34m[1mGenerating Python from MSG svea_msgs/lli_emergency[0m
[ 90%] Built target svea_msgs_generate_messages_lisp
[ 95%] [34m[1mGenerating Python from MSG svea_msgs/VehicleState[0m
[ 95%] Built target svea_msgs_generate_messages_cpp
[100%] [34m[1mGenerating Python msg __init__.py for svea_msgs[0m
[100%] Built target svea_msgs_generate_messages_eus
[100%] Built target svea_msgs_generate_messages_py
[35m[1mScanning dependencies of target svea_msgs_generate_messages[0m
[100%] Built target svea_msgs_generate_messages
