Symlinking /ws/devel/share/roseus/ros/svea_msgs/manifest.l
Symlinking /ws/devel/share/roseus/ros/svea_msgs/msg/lli_emergency.l
Symlinking /ws/devel/share/roseus/ros/svea_msgs/msg/lli_encoder.l
Symlinking /ws/devel/share/roseus/ros/svea_msgs/msg/VehicleState.l
Symlinking /ws/devel/share/roseus/ros/svea_msgs/msg/lli_ctrl.l
Symlinking /ws/devel/share/gennodejs/ros/svea_msgs/_index.js
Symlinking /ws/devel/share/gennodejs/ros/svea_msgs/msg/_index.js
Symlinking /ws/devel/share/gennodejs/ros/svea_msgs/msg/lli_encoder.js
Symlinking /ws/devel/share/gennodejs/ros/svea_msgs/msg/lli_ctrl.js
Symlinking /ws/devel/share/gennodejs/ros/svea_msgs/msg/VehicleState.js
Symlinking /ws/devel/share/gennodejs/ros/svea_msgs/msg/lli_emergency.js
Symlinking /ws/devel/share/svea_msgs/cmake/svea_msgsConfig.cmake
Symlinking /ws/devel/share/svea_msgs/cmake/svea_msgsConfig-version.cmake
Symlinking /ws/devel/share/svea_msgs/cmake/svea_msgs-msg-extras.cmake
Symlinking /ws/devel/share/svea_msgs/cmake/svea_msgs-msg-paths.cmake
Symlinking /ws/devel/share/common-lisp/ros/svea_msgs/msg/_package_lli_encoder.lisp
Symlinking /ws/devel/share/common-lisp/ros/svea_msgs/msg/lli_ctrl.lisp
Symlinking /ws/devel/share/common-lisp/ros/svea_msgs/msg/lli_emergency.lisp
Symlinking /ws/devel/share/common-lisp/ros/svea_msgs/msg/_package.lisp
Symlinking /ws/devel/share/common-lisp/ros/svea_msgs/msg/svea_msgs-msg.asd
Symlinking /ws/devel/share/common-lisp/ros/svea_msgs/msg/_package_lli_emergency.lisp
Symlinking /ws/devel/share/common-lisp/ros/svea_msgs/msg/VehicleState.lisp
Symlinking /ws/devel/share/common-lisp/ros/svea_msgs/msg/lli_encoder.lisp
Symlinking /ws/devel/share/common-lisp/ros/svea_msgs/msg/_package_VehicleState.lisp
Symlinking /ws/devel/share/common-lisp/ros/svea_msgs/msg/_package_lli_ctrl.lisp
Symlinking /ws/devel/include/svea_msgs/lli_ctrl.h
Symlinking /ws/devel/include/svea_msgs/VehicleState.h
Symlinking /ws/devel/include/svea_msgs/lli_emergency.h
Symlinking /ws/devel/include/svea_msgs/lli_encoder.h
Symlinking /ws/devel/lib/pkgconfig/svea_msgs.pc
Symlinking /ws/devel/lib/python3/dist-packages/svea_msgs/__init__.py
Symlinking /ws/devel/lib/python3/dist-packages/svea_msgs/msg/__init__.py
Symlinking /ws/devel/lib/python3/dist-packages/svea_msgs/msg/_lli_ctrl.py
Symlinking /ws/devel/lib/python3/dist-packages/svea_msgs/msg/_lli_emergency.py
Symlinking /ws/devel/lib/python3/dist-packages/svea_msgs/msg/_VehicleState.py
Symlinking /ws/devel/lib/python3/dist-packages/svea_msgs/msg/_lli_encoder.py
