Linked: (/ws/devel/.private/svea_msgs/share/roseus/ros/svea_msgs/manifest.l, /ws/devel/share/roseus/ros/svea_msgs/manifest.l)
Linked: (/ws/devel/.private/svea_msgs/share/roseus/ros/svea_msgs/msg/lli_emergency.l, /ws/devel/share/roseus/ros/svea_msgs/msg/lli_emergency.l)
Linked: (/ws/devel/.private/svea_msgs/share/roseus/ros/svea_msgs/msg/lli_encoder.l, /ws/devel/share/roseus/ros/svea_msgs/msg/lli_encoder.l)
Linked: (/ws/devel/.private/svea_msgs/share/roseus/ros/svea_msgs/msg/VehicleState.l, /ws/devel/share/roseus/ros/svea_msgs/msg/VehicleState.l)
Linked: (/ws/devel/.private/svea_msgs/share/roseus/ros/svea_msgs/msg/lli_ctrl.l, /ws/devel/share/roseus/ros/svea_msgs/msg/lli_ctrl.l)
Linked: (/ws/devel/.private/svea_msgs/share/gennodejs/ros/svea_msgs/_index.js, /ws/devel/share/gennodejs/ros/svea_msgs/_index.js)
Linked: (/ws/devel/.private/svea_msgs/share/gennodejs/ros/svea_msgs/msg/_index.js, /ws/devel/share/gennodejs/ros/svea_msgs/msg/_index.js)
Linked: (/ws/devel/.private/svea_msgs/share/gennodejs/ros/svea_msgs/msg/lli_encoder.js, /ws/devel/share/gennodejs/ros/svea_msgs/msg/lli_encoder.js)
Linked: (/ws/devel/.private/svea_msgs/share/gennodejs/ros/svea_msgs/msg/lli_ctrl.js, /ws/devel/share/gennodejs/ros/svea_msgs/msg/lli_ctrl.js)
Linked: (/ws/devel/.private/svea_msgs/share/gennodejs/ros/svea_msgs/msg/VehicleState.js, /ws/devel/share/gennodejs/ros/svea_msgs/msg/VehicleState.js)
Linked: (/ws/devel/.private/svea_msgs/share/gennodejs/ros/svea_msgs/msg/lli_emergency.js, /ws/devel/share/gennodejs/ros/svea_msgs/msg/lli_emergency.js)
Linked: (/ws/devel/.private/svea_msgs/share/svea_msgs/cmake/svea_msgsConfig.cmake, /ws/devel/share/svea_msgs/cmake/svea_msgsConfig.cmake)
Linked: (/ws/devel/.private/svea_msgs/share/svea_msgs/cmake/svea_msgsConfig-version.cmake, /ws/devel/share/svea_msgs/cmake/svea_msgsConfig-version.cmake)
Linked: (/ws/devel/.private/svea_msgs/share/svea_msgs/cmake/svea_msgs-msg-extras.cmake, /ws/devel/share/svea_msgs/cmake/svea_msgs-msg-extras.cmake)
Linked: (/ws/devel/.private/svea_msgs/share/svea_msgs/cmake/svea_msgs-msg-paths.cmake, /ws/devel/share/svea_msgs/cmake/svea_msgs-msg-paths.cmake)
Linked: (/ws/devel/.private/svea_msgs/share/common-lisp/ros/svea_msgs/msg/_package_lli_encoder.lisp, /ws/devel/share/common-lisp/ros/svea_msgs/msg/_package_lli_encoder.lisp)
Linked: (/ws/devel/.private/svea_msgs/share/common-lisp/ros/svea_msgs/msg/lli_ctrl.lisp, /ws/devel/share/common-lisp/ros/svea_msgs/msg/lli_ctrl.lisp)
Linked: (/ws/devel/.private/svea_msgs/share/common-lisp/ros/svea_msgs/msg/lli_emergency.lisp, /ws/devel/share/common-lisp/ros/svea_msgs/msg/lli_emergency.lisp)
Linked: (/ws/devel/.private/svea_msgs/share/common-lisp/ros/svea_msgs/msg/_package.lisp, /ws/devel/share/common-lisp/ros/svea_msgs/msg/_package.lisp)
Linked: (/ws/devel/.private/svea_msgs/share/common-lisp/ros/svea_msgs/msg/svea_msgs-msg.asd, /ws/devel/share/common-lisp/ros/svea_msgs/msg/svea_msgs-msg.asd)
Linked: (/ws/devel/.private/svea_msgs/share/common-lisp/ros/svea_msgs/msg/_package_lli_emergency.lisp, /ws/devel/share/common-lisp/ros/svea_msgs/msg/_package_lli_emergency.lisp)
Linked: (/ws/devel/.private/svea_msgs/share/common-lisp/ros/svea_msgs/msg/VehicleState.lisp, /ws/devel/share/common-lisp/ros/svea_msgs/msg/VehicleState.lisp)
Linked: (/ws/devel/.private/svea_msgs/share/common-lisp/ros/svea_msgs/msg/lli_encoder.lisp, /ws/devel/share/common-lisp/ros/svea_msgs/msg/lli_encoder.lisp)
Linked: (/ws/devel/.private/svea_msgs/share/common-lisp/ros/svea_msgs/msg/_package_VehicleState.lisp, /ws/devel/share/common-lisp/ros/svea_msgs/msg/_package_VehicleState.lisp)
Linked: (/ws/devel/.private/svea_msgs/share/common-lisp/ros/svea_msgs/msg/_package_lli_ctrl.lisp, /ws/devel/share/common-lisp/ros/svea_msgs/msg/_package_lli_ctrl.lisp)
Linked: (/ws/devel/.private/svea_msgs/include/svea_msgs/lli_ctrl.h, /ws/devel/include/svea_msgs/lli_ctrl.h)
Linked: (/ws/devel/.private/svea_msgs/include/svea_msgs/VehicleState.h, /ws/devel/include/svea_msgs/VehicleState.h)
Linked: (/ws/devel/.private/svea_msgs/include/svea_msgs/lli_emergency.h, /ws/devel/include/svea_msgs/lli_emergency.h)
Linked: (/ws/devel/.private/svea_msgs/include/svea_msgs/lli_encoder.h, /ws/devel/include/svea_msgs/lli_encoder.h)
Linked: (/ws/devel/.private/svea_msgs/lib/pkgconfig/svea_msgs.pc, /ws/devel/lib/pkgconfig/svea_msgs.pc)
Linked: (/ws/devel/.private/svea_msgs/lib/python3/dist-packages/svea_msgs/__init__.py, /ws/devel/lib/python3/dist-packages/svea_msgs/__init__.py)
Linked: (/ws/devel/.private/svea_msgs/lib/python3/dist-packages/svea_msgs/msg/__init__.py, /ws/devel/lib/python3/dist-packages/svea_msgs/msg/__init__.py)
Linked: (/ws/devel/.private/svea_msgs/lib/python3/dist-packages/svea_msgs/msg/_lli_ctrl.py, /ws/devel/lib/python3/dist-packages/svea_msgs/msg/_lli_ctrl.py)
Linked: (/ws/devel/.private/svea_msgs/lib/python3/dist-packages/svea_msgs/msg/_lli_emergency.py, /ws/devel/lib/python3/dist-packages/svea_msgs/msg/_lli_emergency.py)
Linked: (/ws/devel/.private/svea_msgs/lib/python3/dist-packages/svea_msgs/msg/_VehicleState.py, /ws/devel/lib/python3/dist-packages/svea_msgs/msg/_VehicleState.py)
Linked: (/ws/devel/.private/svea_msgs/lib/python3/dist-packages/svea_msgs/msg/_lli_encoder.py, /ws/devel/lib/python3/dist-packages/svea_msgs/msg/_lli_encoder.py)
