[  0%] Built target std_msgs_generate_messages_nodejs
[  0%] Built target geometry_msgs_generate_messages_nodejs
[  0%] Built target _svea_msgs_generate_messages_check_deps_lli_emergency
[  0%] Built target _svea_msgs_generate_messages_check_deps_lli_encoder
[  0%] Built target _svea_msgs_generate_messages_check_deps_VehicleState
[  0%] Built target _svea_msgs_generate_messages_check_deps_lli_ctrl
[  0%] Built target nav_msgs_generate_messages_nodejs
[  0%] Built target std_msgs_generate_messages_lisp
[  0%] Built target geometry_msgs_generate_messages_lisp
[  0%] Built target nav_msgs_generate_messages_lisp
[  0%] Built target geometry_msgs_generate_messages_eus
[  0%] Built target std_msgs_generate_messages_eus
[  0%] Built target nav_msgs_generate_messages_eus
[  0%] Built target std_msgs_generate_messages_cpp
[  0%] Built target geometry_msgs_generate_messages_cpp
[  0%] Built target nav_msgs_generate_messages_cpp
[  0%] Built target std_msgs_generate_messages_py
[  0%] Built target geometry_msgs_generate_messages_py
[  0%] Built target nav_msgs_generate_messages_py
[ 18%] Built target svea_msgs_generate_messages_lisp
[ 36%] Built target svea_msgs_generate_messages_nodejs
[ 59%] Built target svea_msgs_generate_messages_eus
[ 77%] Built target svea_msgs_generate_messages_cpp
[100%] Built target svea_msgs_generate_messages_py
[100%] Built target svea_msgs_generate_messages
